<?xml version="1.0" encoding="UTF-8"?>
<robot generator="Robot 7.2.2 (Python 3.13.2 on win32)" generated="2025-03-29T22:07:43.933756" rpa="false" schemaversion="5">
<suite id="s1" name="Test Skyfrog" source="C:\Users\K.Nros\OneDrive\Desktop\Skyfrog\แบบทดสอบ\Test_Skyfrog.robot">
<test id="s1-t1" name="กรอกชื่อผู้ใช้งานและรหัสผ่านที่ถูกต้อง แต่ไม่กดปุ่ม Login" line="16">
<kw name="เปิดหน้าเข้าสู่ระบบ">
<kw name="Open Browser" owner="SeleniumLibrary">
<msg time="2025-03-29T22:07:44.222589" level="INFO">Opening browser 'chrome' to base url 'https://test.skyfrog.co/Home'.</msg>
<arg>${DEV_URL}</arg>
<arg>${BROWSER}</arg>
<doc>Opens a new browser instance to the optional ``url``.</doc>
<status status="PASS" start="2025-03-29T22:07:44.222366" elapsed="3.978863"/>
</kw>
<kw name="Maximize Browser Window" owner="SeleniumLibrary">
<doc>Maximizes current browser window.</doc>
<status status="PASS" start="2025-03-29T22:07:48.201465" elapsed="0.028214"/>
</kw>
<kw name="Wait Until Element Is Visible" owner="SeleniumLibrary">
<arg>xpath=/html/body/div[2]/form/div[1]/div/input</arg>
<arg>timeout=10s</arg>
<doc>Waits until the element ``locator`` is visible.</doc>
<status status="PASS" start="2025-03-29T22:07:48.229908" elapsed="0.019928"/>
</kw>
<status status="PASS" start="2025-03-29T22:07:44.221798" elapsed="4.028157"/>
</kw>
<kw name="ใส่ข้อมูลเข้าสู่ระบบ">
<kw name="Input Text" owner="SeleniumLibrary">
<msg time="2025-03-29T22:07:48.250760" level="INFO">Typing text 'admin' into text field 'xpath=/html/body/div[2]/form/div[1]/div/input'.</msg>
<arg>xpath=/html/body/div[2]/form/div[1]/div/input</arg>
<arg>${username}</arg>
<doc>Types the given ``text`` into the text field identified by ``locator``.</doc>
<status status="PASS" start="2025-03-29T22:07:48.250569" elapsed="0.107775"/>
</kw>
<kw name="Input Text" owner="SeleniumLibrary">
<msg time="2025-03-29T22:07:48.358762" level="INFO">Typing text '1234' into text field 'xpath=/html/body/div[2]/form/div[2]/div/input'.</msg>
<arg>xpath=/html/body/div[2]/form/div[2]/div/input</arg>
<arg>${password}</arg>
<doc>Types the given ``text`` into the text field identified by ``locator``.</doc>
<status status="PASS" start="2025-03-29T22:07:48.358530" elapsed="0.066074"/>
</kw>
<arg>${Valid_Username}</arg>
<arg>${Valid_Password}</arg>
<status status="PASS" start="2025-03-29T22:07:48.250253" elapsed="0.174552"/>
</kw>
<kw name="ปิดเบราว์เซอร์">
<kw name="Close Browser" owner="SeleniumLibrary">
<doc>Closes the current browser.</doc>
<status status="PASS" start="2025-03-29T22:07:48.425491" elapsed="2.121194"/>
</kw>
<status status="PASS" start="2025-03-29T22:07:48.425223" elapsed="2.121680"/>
</kw>
<status status="PASS" start="2025-03-29T22:07:44.220068" elapsed="6.327240"/>
</test>
<test id="s1-t2" name="เข้าสู่ระบบด้วยชื่อผู้ใช้งานและรหัสผ่านที่ถูกต้อง" line="21">
<kw name="เข้าสู่ระบบ">
<kw name="เปิดหน้าเข้าสู่ระบบ">
<kw name="Open Browser" owner="SeleniumLibrary">
<msg time="2025-03-29T22:07:50.551722" level="INFO">Opening browser 'chrome' to base url 'https://test.skyfrog.co/Home'.</msg>
<arg>${DEV_URL}</arg>
<arg>${BROWSER}</arg>
<doc>Opens a new browser instance to the optional ``url``.</doc>
<status status="PASS" start="2025-03-29T22:07:50.551390" elapsed="3.895492"/>
</kw>
<kw name="Maximize Browser Window" owner="SeleniumLibrary">
<doc>Maximizes current browser window.</doc>
<status status="PASS" start="2025-03-29T22:07:54.447135" elapsed="0.026079"/>
</kw>
<kw name="Wait Until Element Is Visible" owner="SeleniumLibrary">
<arg>xpath=/html/body/div[2]/form/div[1]/div/input</arg>
<arg>timeout=10s</arg>
<doc>Waits until the element ``locator`` is visible.</doc>
<status status="PASS" start="2025-03-29T22:07:54.473383" elapsed="0.016268"/>
</kw>
<status status="PASS" start="2025-03-29T22:07:50.550984" elapsed="3.938804"/>
</kw>
<kw name="ใส่ข้อมูลเข้าสู่ระบบ">
<kw name="Input Text" owner="SeleniumLibrary">
<msg time="2025-03-29T22:07:54.490506" level="INFO">Typing text 'admin' into text field 'xpath=/html/body/div[2]/form/div[1]/div/input'.</msg>
<arg>xpath=/html/body/div[2]/form/div[1]/div/input</arg>
<arg>${username}</arg>
<doc>Types the given ``text`` into the text field identified by ``locator``.</doc>
<status status="PASS" start="2025-03-29T22:07:54.490332" elapsed="0.105984"/>
</kw>
<kw name="Input Text" owner="SeleniumLibrary">
<msg time="2025-03-29T22:07:54.596899" level="INFO">Typing text '1234' into text field 'xpath=/html/body/div[2]/form/div[2]/div/input'.</msg>
<arg>xpath=/html/body/div[2]/form/div[2]/div/input</arg>
<arg>${password}</arg>
<doc>Types the given ``text`` into the text field identified by ``locator``.</doc>
<status status="PASS" start="2025-03-29T22:07:54.596553" elapsed="0.065654"/>
</kw>
<arg>${username}</arg>
<arg>${password}</arg>
<status status="PASS" start="2025-03-29T22:07:54.489974" elapsed="0.172457"/>
</kw>
<kw name="Click Element" owner="SeleniumLibrary">
<msg time="2025-03-29T22:07:54.662838" level="INFO">Clicking element 'xpath=/html/body/div[2]/form/div[3]/button/span'.</msg>
<arg>xpath=/html/body/div[2]/form/div[3]/button/span</arg>
<doc>Click the element identified by ``locator``.</doc>
<status status="PASS" start="2025-03-29T22:07:54.662614" elapsed="0.061367"/>
</kw>
<kw name="ปิดเบราว์เซอร์">
<kw name="Close Browser" owner="SeleniumLibrary">
<doc>Closes the current browser.</doc>
<status status="PASS" start="2025-03-29T22:07:54.724474" elapsed="2.103498"/>
</kw>
<status status="PASS" start="2025-03-29T22:07:54.724200" elapsed="2.103953"/>
</kw>
<arg>${Valid_Username}</arg>
<arg>${Valid_Password}</arg>
<status status="PASS" start="2025-03-29T22:07:50.550423" elapsed="6.277798"/>
</kw>
<status status="PASS" start="2025-03-29T22:07:50.548270" elapsed="6.280308"/>
</test>
<test id="s1-t3" name="เข้าสู่ระบบด้วยชื่อผู้ใช้งานที่ถูกต้องและรหัสผ่านผิด" line="24">
<kw name="เข้าสู่ระบบ">
<kw name="เปิดหน้าเข้าสู่ระบบ">
<kw name="Open Browser" owner="SeleniumLibrary">
<msg time="2025-03-29T22:07:56.833228" level="INFO">Opening browser 'chrome' to base url 'https://test.skyfrog.co/Home'.</msg>
<arg>${DEV_URL}</arg>
<arg>${BROWSER}</arg>
<doc>Opens a new browser instance to the optional ``url``.</doc>
<status status="PASS" start="2025-03-29T22:07:56.832988" elapsed="3.781887"/>
</kw>
<kw name="Maximize Browser Window" owner="SeleniumLibrary">
<doc>Maximizes current browser window.</doc>
<status status="PASS" start="2025-03-29T22:08:00.615063" elapsed="0.022316"/>
</kw>
<kw name="Wait Until Element Is Visible" owner="SeleniumLibrary">
<arg>xpath=/html/body/div[2]/form/div[1]/div/input</arg>
<arg>timeout=10s</arg>
<doc>Waits until the element ``locator`` is visible.</doc>
<status status="PASS" start="2025-03-29T22:08:00.637580" elapsed="0.016396"/>
</kw>
<status status="PASS" start="2025-03-29T22:07:56.832122" elapsed="3.821978"/>
</kw>
<kw name="ใส่ข้อมูลเข้าสู่ระบบ">
<kw name="Input Text" owner="SeleniumLibrary">
<msg time="2025-03-29T22:08:00.654722" level="INFO">Typing text 'admin' into text field 'xpath=/html/body/div[2]/form/div[1]/div/input'.</msg>
<arg>xpath=/html/body/div[2]/form/div[1]/div/input</arg>
<arg>${username}</arg>
<doc>Types the given ``text`` into the text field identified by ``locator``.</doc>
<status status="PASS" start="2025-03-29T22:08:00.654547" elapsed="0.112787"/>
</kw>
<kw name="Input Text" owner="SeleniumLibrary">
<msg time="2025-03-29T22:08:00.768063" level="INFO">Typing text '12345' into text field 'xpath=/html/body/div[2]/form/div[2]/div/input'.</msg>
<arg>xpath=/html/body/div[2]/form/div[2]/div/input</arg>
<arg>${password}</arg>
<doc>Types the given ``text`` into the text field identified by ``locator``.</doc>
<status status="PASS" start="2025-03-29T22:08:00.767730" elapsed="0.065109"/>
</kw>
<arg>${username}</arg>
<arg>${password}</arg>
<status status="PASS" start="2025-03-29T22:08:00.654253" elapsed="0.178694"/>
</kw>
<kw name="Click Element" owner="SeleniumLibrary">
<msg time="2025-03-29T22:08:00.833238" level="INFO">Clicking element 'xpath=/html/body/div[2]/form/div[3]/button/span'.</msg>
<arg>xpath=/html/body/div[2]/form/div[3]/button/span</arg>
<doc>Click the element identified by ``locator``.</doc>
<status status="PASS" start="2025-03-29T22:08:00.833070" elapsed="0.063603"/>
</kw>
<kw name="ปิดเบราว์เซอร์">
<kw name="Close Browser" owner="SeleniumLibrary">
<doc>Closes the current browser.</doc>
<status status="PASS" start="2025-03-29T22:08:00.897151" elapsed="2.110460"/>
</kw>
<status status="PASS" start="2025-03-29T22:08:00.896890" elapsed="2.111092"/>
</kw>
<arg>${Valid_Username}</arg>
<arg>${Invalid_Password_Number}</arg>
<status status="PASS" start="2025-03-29T22:07:56.831580" elapsed="6.176509"/>
</kw>
<status status="PASS" start="2025-03-29T22:07:56.829368" elapsed="6.179305"/>
</test>
<test id="s1-t4" name="เข้าสู่ระบบด้วยชื่อผู้ใช้งานที่ถูกต้องและไม่ใส่รหัสผ่าน" line="27">
<kw name="เข้าสู่ระบบ">
<kw name="เปิดหน้าเข้าสู่ระบบ">
<kw name="Open Browser" owner="SeleniumLibrary">
<msg time="2025-03-29T22:08:03.012784" level="INFO">Opening browser 'chrome' to base url 'https://test.skyfrog.co/Home'.</msg>
<arg>${DEV_URL}</arg>
<arg>${BROWSER}</arg>
<doc>Opens a new browser instance to the optional ``url``.</doc>
<status status="PASS" start="2025-03-29T22:08:03.012567" elapsed="3.939424"/>
</kw>
<kw name="Maximize Browser Window" owner="SeleniumLibrary">
<doc>Maximizes current browser window.</doc>
<status status="PASS" start="2025-03-29T22:08:06.952174" elapsed="0.030208"/>
</kw>
<kw name="Wait Until Element Is Visible" owner="SeleniumLibrary">
<arg>xpath=/html/body/div[2]/form/div[1]/div/input</arg>
<arg>timeout=10s</arg>
<doc>Waits until the element ``locator`` is visible.</doc>
<status status="PASS" start="2025-03-29T22:08:06.982578" elapsed="0.016932"/>
</kw>
<status status="PASS" start="2025-03-29T22:08:03.012320" elapsed="3.987297"/>
</kw>
<kw name="ใส่ข้อมูลเข้าสู่ระบบ">
<kw name="Input Text" owner="SeleniumLibrary">
<msg time="2025-03-29T22:08:07.000202" level="INFO">Typing text 'admin' into text field 'xpath=/html/body/div[2]/form/div[1]/div/input'.</msg>
<arg>xpath=/html/body/div[2]/form/div[1]/div/input</arg>
<arg>${username}</arg>
<doc>Types the given ``text`` into the text field identified by ``locator``.</doc>
<status status="PASS" start="2025-03-29T22:08:07.000040" elapsed="0.107957"/>
</kw>
<kw name="Input Text" owner="SeleniumLibrary">
<msg time="2025-03-29T22:08:07.108510" level="INFO">Typing text '' into text field 'xpath=/html/body/div[2]/form/div[2]/div/input'.</msg>
<arg>xpath=/html/body/div[2]/form/div[2]/div/input</arg>
<arg>${password}</arg>
<doc>Types the given ``text`` into the text field identified by ``locator``.</doc>
<status status="PASS" start="2025-03-29T22:08:07.108212" elapsed="0.059319"/>
</kw>
<arg>${username}</arg>
<arg>${password}</arg>
<status status="PASS" start="2025-03-29T22:08:06.999761" elapsed="0.167932"/>
</kw>
<kw name="Click Element" owner="SeleniumLibrary">
<msg time="2025-03-29T22:08:07.168092" level="INFO">Clicking element 'xpath=/html/body/div[2]/form/div[3]/button/span'.</msg>
<arg>xpath=/html/body/div[2]/form/div[3]/button/span</arg>
<doc>Click the element identified by ``locator``.</doc>
<status status="PASS" start="2025-03-29T22:08:07.167876" elapsed="0.055574"/>
</kw>
<kw name="ปิดเบราว์เซอร์">
<kw name="Close Browser" owner="SeleniumLibrary">
<doc>Closes the current browser.</doc>
<status status="PASS" start="2025-03-29T22:08:07.223899" elapsed="2.120296"/>
</kw>
<status status="PASS" start="2025-03-29T22:08:07.223660" elapsed="2.120704"/>
</kw>
<arg>${Valid_Username}</arg>
<arg>${EMPTY}</arg>
<status status="PASS" start="2025-03-29T22:08:03.011963" elapsed="6.332481"/>
</kw>
<status status="PASS" start="2025-03-29T22:08:03.009648" elapsed="6.335191"/>
</test>
<test id="s1-t5" name="เข้าสู่ระบบด้วยชื่อผู้ใช้งานผิดและรหัสผ่านถูกต้อง" line="30">
<kw name="เข้าสู่ระบบ">
<kw name="เปิดหน้าเข้าสู่ระบบ">
<kw name="Open Browser" owner="SeleniumLibrary">
<msg time="2025-03-29T22:08:09.348851" level="INFO">Opening browser 'chrome' to base url 'https://test.skyfrog.co/Home'.</msg>
<arg>${DEV_URL}</arg>
<arg>${BROWSER}</arg>
<doc>Opens a new browser instance to the optional ``url``.</doc>
<status status="PASS" start="2025-03-29T22:08:09.348608" elapsed="3.890022"/>
</kw>
<kw name="Maximize Browser Window" owner="SeleniumLibrary">
<doc>Maximizes current browser window.</doc>
<status status="PASS" start="2025-03-29T22:08:13.238799" elapsed="0.147822"/>
</kw>
<kw name="Wait Until Element Is Visible" owner="SeleniumLibrary">
<arg>xpath=/html/body/div[2]/form/div[1]/div/input</arg>
<arg>timeout=10s</arg>
<doc>Waits until the element ``locator`` is visible.</doc>
<status status="PASS" start="2025-03-29T22:08:13.386816" elapsed="0.017474"/>
</kw>
<status status="PASS" start="2025-03-29T22:08:09.348324" elapsed="4.056082"/>
</kw>
<kw name="ใส่ข้อมูลเข้าสู่ระบบ">
<kw name="Input Text" owner="SeleniumLibrary">
<msg time="2025-03-29T22:08:13.405049" level="INFO">Typing text 'admin11' into text field 'xpath=/html/body/div[2]/form/div[1]/div/input'.</msg>
<arg>xpath=/html/body/div[2]/form/div[1]/div/input</arg>
<arg>${username}</arg>
<doc>Types the given ``text`` into the text field identified by ``locator``.</doc>
<status status="PASS" start="2025-03-29T22:08:13.404847" elapsed="0.056336"/>
</kw>
<kw name="Input Text" owner="SeleniumLibrary">
<msg time="2025-03-29T22:08:13.461623" level="INFO">Typing text '1234' into text field 'xpath=/html/body/div[2]/form/div[2]/div/input'.</msg>
<arg>xpath=/html/body/div[2]/form/div[2]/div/input</arg>
<arg>${password}</arg>
<doc>Types the given ``text`` into the text field identified by ``locator``.</doc>
<status status="PASS" start="2025-03-29T22:08:13.461374" elapsed="0.067234"/>
</kw>
<arg>${username}</arg>
<arg>${password}</arg>
<status status="PASS" start="2025-03-29T22:08:13.404561" elapsed="0.124231"/>
</kw>
<kw name="Click Element" owner="SeleniumLibrary">
<msg time="2025-03-29T22:08:13.529260" level="INFO">Clicking element 'xpath=/html/body/div[2]/form/div[3]/button/span'.</msg>
<arg>xpath=/html/body/div[2]/form/div[3]/button/span</arg>
<doc>Click the element identified by ``locator``.</doc>
<status status="PASS" start="2025-03-29T22:08:13.528995" elapsed="0.054255"/>
</kw>
<kw name="ปิดเบราว์เซอร์">
<kw name="Close Browser" owner="SeleniumLibrary">
<doc>Closes the current browser.</doc>
<status status="PASS" start="2025-03-29T22:08:13.583664" elapsed="2.109097"/>
</kw>
<status status="PASS" start="2025-03-29T22:08:13.583440" elapsed="2.109542"/>
</kw>
<arg>${Invalid_Username}</arg>
<arg>${Valid_Password}</arg>
<status status="PASS" start="2025-03-29T22:08:09.347892" elapsed="6.345180"/>
</kw>
<status status="PASS" start="2025-03-29T22:08:09.345789" elapsed="6.347624"/>
</test>
<test id="s1-t6" name="เข้าสู่ระบบด้วยชื่อผู้ใช้งานผิดและรหัสผ่านผิด" line="33">
<kw name="เข้าสู่ระบบ">
<kw name="เปิดหน้าเข้าสู่ระบบ">
<kw name="Open Browser" owner="SeleniumLibrary">
<msg time="2025-03-29T22:08:15.696828" level="INFO">Opening browser 'chrome' to base url 'https://test.skyfrog.co/Home'.</msg>
<arg>${DEV_URL}</arg>
<arg>${BROWSER}</arg>
<doc>Opens a new browser instance to the optional ``url``.</doc>
<status status="PASS" start="2025-03-29T22:08:15.696621" elapsed="3.826965"/>
</kw>
<kw name="Maximize Browser Window" owner="SeleniumLibrary">
<doc>Maximizes current browser window.</doc>
<status status="PASS" start="2025-03-29T22:08:19.523788" elapsed="0.118814"/>
</kw>
<kw name="Wait Until Element Is Visible" owner="SeleniumLibrary">
<arg>xpath=/html/body/div[2]/form/div[1]/div/input</arg>
<arg>timeout=10s</arg>
<doc>Waits until the element ``locator`` is visible.</doc>
<status status="PASS" start="2025-03-29T22:08:19.642773" elapsed="0.016270"/>
</kw>
<status status="PASS" start="2025-03-29T22:08:15.696253" elapsed="3.962921"/>
</kw>
<kw name="ใส่ข้อมูลเข้าสู่ระบบ">
<kw name="Input Text" owner="SeleniumLibrary">
<msg time="2025-03-29T22:08:19.659769" level="INFO">Typing text 'admin11' into text field 'xpath=/html/body/div[2]/form/div[1]/div/input'.</msg>
<arg>xpath=/html/body/div[2]/form/div[1]/div/input</arg>
<arg>${username}</arg>
<doc>Types the given ``text`` into the text field identified by ``locator``.</doc>
<status status="PASS" start="2025-03-29T22:08:19.659597" elapsed="0.057121"/>
</kw>
<kw name="Input Text" owner="SeleniumLibrary">
<msg time="2025-03-29T22:08:19.717143" level="INFO">Typing text '12345' into text field 'xpath=/html/body/div[2]/form/div[2]/div/input'.</msg>
<arg>xpath=/html/body/div[2]/form/div[2]/div/input</arg>
<arg>${password}</arg>
<doc>Types the given ``text`` into the text field identified by ``locator``.</doc>
<status status="PASS" start="2025-03-29T22:08:19.716907" elapsed="0.064295"/>
</kw>
<arg>${username}</arg>
<arg>${password}</arg>
<status status="PASS" start="2025-03-29T22:08:19.659324" elapsed="0.122006"/>
</kw>
<kw name="Click Element" owner="SeleniumLibrary">
<msg time="2025-03-29T22:08:19.781706" level="INFO">Clicking element 'xpath=/html/body/div[2]/form/div[3]/button/span'.</msg>
<arg>xpath=/html/body/div[2]/form/div[3]/button/span</arg>
<doc>Click the element identified by ``locator``.</doc>
<status status="PASS" start="2025-03-29T22:08:19.781518" elapsed="0.059524"/>
</kw>
<kw name="ปิดเบราว์เซอร์">
<kw name="Close Browser" owner="SeleniumLibrary">
<doc>Closes the current browser.</doc>
<status status="PASS" start="2025-03-29T22:08:19.841544" elapsed="2.100456"/>
</kw>
<status status="PASS" start="2025-03-29T22:08:19.841278" elapsed="2.100878"/>
</kw>
<arg>${Invalid_Username}</arg>
<arg>${Invalid_Password_Number}</arg>
<status status="PASS" start="2025-03-29T22:08:15.695827" elapsed="6.246409"/>
</kw>
<status status="PASS" start="2025-03-29T22:08:15.693976" elapsed="6.248648"/>
</test>
<test id="s1-t7" name="เข้าสู่ระบบด้วยชื่อผู้ใช้งานผิดและไม่ใส่รหัสผ่าน" line="36">
<kw name="เข้าสู่ระบบ">
<kw name="เปิดหน้าเข้าสู่ระบบ">
<kw name="Open Browser" owner="SeleniumLibrary">
<msg time="2025-03-29T22:08:21.946542" level="INFO">Opening browser 'chrome' to base url 'https://test.skyfrog.co/Home'.</msg>
<arg>${DEV_URL}</arg>
<arg>${BROWSER}</arg>
<doc>Opens a new browser instance to the optional ``url``.</doc>
<status status="PASS" start="2025-03-29T22:08:21.946310" elapsed="3.850855"/>
</kw>
<kw name="Maximize Browser Window" owner="SeleniumLibrary">
<doc>Maximizes current browser window.</doc>
<status status="PASS" start="2025-03-29T22:08:25.797359" elapsed="0.157591"/>
</kw>
<kw name="Wait Until Element Is Visible" owner="SeleniumLibrary">
<arg>xpath=/html/body/div[2]/form/div[1]/div/input</arg>
<arg>timeout=10s</arg>
<doc>Waits until the element ``locator`` is visible.</doc>
<status status="PASS" start="2025-03-29T22:08:25.955138" elapsed="0.019711"/>
</kw>
<status status="PASS" start="2025-03-29T22:08:21.946025" elapsed="4.029003"/>
</kw>
<kw name="ใส่ข้อมูลเข้าสู่ระบบ">
<kw name="Input Text" owner="SeleniumLibrary">
<msg time="2025-03-29T22:08:25.975780" level="INFO">Typing text 'admin11' into text field 'xpath=/html/body/div[2]/form/div[1]/div/input'.</msg>
<arg>xpath=/html/body/div[2]/form/div[1]/div/input</arg>
<arg>${username}</arg>
<doc>Types the given ``text`` into the text field identified by ``locator``.</doc>
<status status="PASS" start="2025-03-29T22:08:25.975603" elapsed="0.059038"/>
</kw>
<kw name="Input Text" owner="SeleniumLibrary">
<msg time="2025-03-29T22:08:26.035080" level="INFO">Typing text '' into text field 'xpath=/html/body/div[2]/form/div[2]/div/input'.</msg>
<arg>xpath=/html/body/div[2]/form/div[2]/div/input</arg>
<arg>${password}</arg>
<doc>Types the given ``text`` into the text field identified by ``locator``.</doc>
<status status="PASS" start="2025-03-29T22:08:26.034839" elapsed="0.063425"/>
</kw>
<arg>${username}</arg>
<arg>${password}</arg>
<status status="PASS" start="2025-03-29T22:08:25.975258" elapsed="0.123192"/>
</kw>
<kw name="Click Element" owner="SeleniumLibrary">
<msg time="2025-03-29T22:08:26.098803" level="INFO">Clicking element 'xpath=/html/body/div[2]/form/div[3]/button/span'.</msg>
<arg>xpath=/html/body/div[2]/form/div[3]/button/span</arg>
<doc>Click the element identified by ``locator``.</doc>
<status status="PASS" start="2025-03-29T22:08:26.098601" elapsed="0.050776"/>
</kw>
<kw name="ปิดเบราว์เซอร์">
<kw name="Close Browser" owner="SeleniumLibrary">
<doc>Closes the current browser.</doc>
<status status="PASS" start="2025-03-29T22:08:26.149792" elapsed="2.113463"/>
</kw>
<status status="PASS" start="2025-03-29T22:08:26.149576" elapsed="2.113859"/>
</kw>
<arg>${Invalid_Username}</arg>
<arg>${EMPTY}</arg>
<status status="PASS" start="2025-03-29T22:08:21.945606" elapsed="6.317912"/>
</kw>
<status status="PASS" start="2025-03-29T22:08:21.943560" elapsed="6.320330"/>
</test>
<test id="s1-t8" name="เข้าสู่ระบบด้วยรหัสผ่านถูกต้องและไม่ใส่ชื่อผู้ใช้" line="39">
<kw name="เข้าสู่ระบบ">
<kw name="เปิดหน้าเข้าสู่ระบบ">
<kw name="Open Browser" owner="SeleniumLibrary">
<msg time="2025-03-29T22:08:28.267510" level="INFO">Opening browser 'chrome' to base url 'https://test.skyfrog.co/Home'.</msg>
<arg>${DEV_URL}</arg>
<arg>${BROWSER}</arg>
<doc>Opens a new browser instance to the optional ``url``.</doc>
<status status="PASS" start="2025-03-29T22:08:28.267299" elapsed="3.857992"/>
</kw>
<kw name="Maximize Browser Window" owner="SeleniumLibrary">
<doc>Maximizes current browser window.</doc>
<status status="PASS" start="2025-03-29T22:08:32.125471" elapsed="0.143687"/>
</kw>
<kw name="Wait Until Element Is Visible" owner="SeleniumLibrary">
<arg>xpath=/html/body/div[2]/form/div[1]/div/input</arg>
<arg>timeout=10s</arg>
<doc>Waits until the element ``locator`` is visible.</doc>
<status status="PASS" start="2025-03-29T22:08:32.269334" elapsed="0.017752"/>
</kw>
<status status="PASS" start="2025-03-29T22:08:28.267050" elapsed="4.020156"/>
</kw>
<kw name="ใส่ข้อมูลเข้าสู่ระบบ">
<kw name="Input Text" owner="SeleniumLibrary">
<msg time="2025-03-29T22:08:32.287895" level="INFO">Typing text '' into text field 'xpath=/html/body/div[2]/form/div[1]/div/input'.</msg>
<arg>xpath=/html/body/div[2]/form/div[1]/div/input</arg>
<arg>${username}</arg>
<doc>Types the given ``text`` into the text field identified by ``locator``.</doc>
<status status="PASS" start="2025-03-29T22:08:32.287703" elapsed="0.051839"/>
</kw>
<kw name="Input Text" owner="SeleniumLibrary">
<msg time="2025-03-29T22:08:32.339951" level="INFO">Typing text '1234' into text field 'xpath=/html/body/div[2]/form/div[2]/div/input'.</msg>
<arg>xpath=/html/body/div[2]/form/div[2]/div/input</arg>
<arg>${password}</arg>
<doc>Types the given ``text`` into the text field identified by ``locator``.</doc>
<status status="PASS" start="2025-03-29T22:08:32.339712" elapsed="0.074259"/>
</kw>
<arg>${username}</arg>
<arg>${password}</arg>
<status status="PASS" start="2025-03-29T22:08:32.287355" elapsed="0.126737"/>
</kw>
<kw name="Click Element" owner="SeleniumLibrary">
<msg time="2025-03-29T22:08:32.414432" level="INFO">Clicking element 'xpath=/html/body/div[2]/form/div[3]/button/span'.</msg>
<arg>xpath=/html/body/div[2]/form/div[3]/button/span</arg>
<doc>Click the element identified by ``locator``.</doc>
<status status="PASS" start="2025-03-29T22:08:32.414245" elapsed="0.057205"/>
</kw>
<kw name="ปิดเบราว์เซอร์">
<kw name="Close Browser" owner="SeleniumLibrary">
<doc>Closes the current browser.</doc>
<status status="PASS" start="2025-03-29T22:08:32.471893" elapsed="2.132026"/>
</kw>
<status status="PASS" start="2025-03-29T22:08:32.471666" elapsed="2.132370"/>
</kw>
<arg>${EMPTY}</arg>
<arg>${Valid_Password}</arg>
<status status="PASS" start="2025-03-29T22:08:28.266679" elapsed="6.337407"/>
</kw>
<status status="PASS" start="2025-03-29T22:08:28.264626" elapsed="6.339698"/>
</test>
<test id="s1-t9" name="เข้าสู่ระบบโดยไม่ใส่ชื่อผู้ใช้งานและรหัสผ่านผิด" line="42">
<kw name="เข้าสู่ระบบ">
<kw name="เปิดหน้าเข้าสู่ระบบ">
<kw name="Open Browser" owner="SeleniumLibrary">
<msg time="2025-03-29T22:08:34.606785" level="INFO">Opening browser 'chrome' to base url 'https://test.skyfrog.co/Home'.</msg>
<arg>${DEV_URL}</arg>
<arg>${BROWSER}</arg>
<doc>Opens a new browser instance to the optional ``url``.</doc>
<status status="PASS" start="2025-03-29T22:08:34.606622" elapsed="3.941347"/>
</kw>
<kw name="Maximize Browser Window" owner="SeleniumLibrary">
<doc>Maximizes current browser window.</doc>
<status status="PASS" start="2025-03-29T22:08:38.548154" elapsed="0.021285"/>
</kw>
<kw name="Wait Until Element Is Visible" owner="SeleniumLibrary">
<arg>xpath=/html/body/div[2]/form/div[1]/div/input</arg>
<arg>timeout=10s</arg>
<doc>Waits until the element ``locator`` is visible.</doc>
<status status="PASS" start="2025-03-29T22:08:38.569660" elapsed="0.017237"/>
</kw>
<status status="PASS" start="2025-03-29T22:08:34.606451" elapsed="3.980572"/>
</kw>
<kw name="ใส่ข้อมูลเข้าสู่ระบบ">
<kw name="Input Text" owner="SeleniumLibrary">
<msg time="2025-03-29T22:08:38.587760" level="INFO">Typing text '' into text field 'xpath=/html/body/div[2]/form/div[1]/div/input'.</msg>
<arg>xpath=/html/body/div[2]/form/div[1]/div/input</arg>
<arg>${username}</arg>
<doc>Types the given ``text`` into the text field identified by ``locator``.</doc>
<status status="PASS" start="2025-03-29T22:08:38.587554" elapsed="0.051189"/>
</kw>
<kw name="Input Text" owner="SeleniumLibrary">
<msg time="2025-03-29T22:08:38.639117" level="INFO">Typing text 'pass' into text field 'xpath=/html/body/div[2]/form/div[2]/div/input'.</msg>
<arg>xpath=/html/body/div[2]/form/div[2]/div/input</arg>
<arg>${password}</arg>
<doc>Types the given ``text`` into the text field identified by ``locator``.</doc>
<status status="PASS" start="2025-03-29T22:08:38.638907" elapsed="0.064589"/>
</kw>
<arg>${username}</arg>
<arg>${password}</arg>
<status status="PASS" start="2025-03-29T22:08:38.587192" elapsed="0.116426"/>
</kw>
<kw name="Click Element" owner="SeleniumLibrary">
<msg time="2025-03-29T22:08:38.703954" level="INFO">Clicking element 'xpath=/html/body/div[2]/form/div[3]/button/span'.</msg>
<arg>xpath=/html/body/div[2]/form/div[3]/button/span</arg>
<doc>Click the element identified by ``locator``.</doc>
<status status="PASS" start="2025-03-29T22:08:38.703747" elapsed="0.059717"/>
</kw>
<kw name="ปิดเบราว์เซอร์">
<kw name="Close Browser" owner="SeleniumLibrary">
<doc>Closes the current browser.</doc>
<status status="PASS" start="2025-03-29T22:08:38.763894" elapsed="2.120776"/>
</kw>
<status status="PASS" start="2025-03-29T22:08:38.763661" elapsed="2.121215"/>
</kw>
<arg>${EMPTY}</arg>
<arg>${Invalid_Password_Text}</arg>
<status status="PASS" start="2025-03-29T22:08:34.606192" elapsed="6.278757"/>
</kw>
<status status="PASS" start="2025-03-29T22:08:34.604789" elapsed="6.280638"/>
</test>
<test id="s1-t10" name="เข้าสู่ระบบโดยไม่ใส่ชื่อผู้ใช้งานและไม่ใส่รหัสผ่าน" line="45">
<kw name="เข้าสู่ระบบ">
<kw name="เปิดหน้าเข้าสู่ระบบ">
<kw name="Open Browser" owner="SeleniumLibrary">
<msg time="2025-03-29T22:08:40.889347" level="INFO">Opening browser 'chrome' to base url 'https://test.skyfrog.co/Home'.</msg>
<arg>${DEV_URL}</arg>
<arg>${BROWSER}</arg>
<doc>Opens a new browser instance to the optional ``url``.</doc>
<status status="PASS" start="2025-03-29T22:08:40.889130" elapsed="3.902667"/>
</kw>
<kw name="Maximize Browser Window" owner="SeleniumLibrary">
<doc>Maximizes current browser window.</doc>
<status status="PASS" start="2025-03-29T22:08:44.791982" elapsed="0.144908"/>
</kw>
<kw name="Wait Until Element Is Visible" owner="SeleniumLibrary">
<arg>xpath=/html/body/div[2]/form/div[1]/div/input</arg>
<arg>timeout=10s</arg>
<doc>Waits until the element ``locator`` is visible.</doc>
<status status="PASS" start="2025-03-29T22:08:44.937067" elapsed="0.017549"/>
</kw>
<status status="PASS" start="2025-03-29T22:08:40.888900" elapsed="4.065853"/>
</kw>
<kw name="ใส่ข้อมูลเข้าสู่ระบบ">
<kw name="Input Text" owner="SeleniumLibrary">
<msg time="2025-03-29T22:08:44.955371" level="INFO">Typing text '' into text field 'xpath=/html/body/div[2]/form/div[1]/div/input'.</msg>
<arg>xpath=/html/body/div[2]/form/div[1]/div/input</arg>
<arg>${username}</arg>
<doc>Types the given ``text`` into the text field identified by ``locator``.</doc>
<status status="PASS" start="2025-03-29T22:08:44.955212" elapsed="0.049902"/>
</kw>
<kw name="Input Text" owner="SeleniumLibrary">
<msg time="2025-03-29T22:08:45.005490" level="INFO">Typing text '' into text field 'xpath=/html/body/div[2]/form/div[2]/div/input'.</msg>
<arg>xpath=/html/body/div[2]/form/div[2]/div/input</arg>
<arg>${password}</arg>
<doc>Types the given ``text`` into the text field identified by ``locator``.</doc>
<status status="PASS" start="2025-03-29T22:08:45.005281" elapsed="0.056860"/>
</kw>
<arg>${username}</arg>
<arg>${password}</arg>
<status status="PASS" start="2025-03-29T22:08:44.954935" elapsed="0.107318"/>
</kw>
<kw name="Click Element" owner="SeleniumLibrary">
<msg time="2025-03-29T22:08:45.062562" level="INFO">Clicking element 'xpath=/html/body/div[2]/form/div[3]/button/span'.</msg>
<arg>xpath=/html/body/div[2]/form/div[3]/button/span</arg>
<doc>Click the element identified by ``locator``.</doc>
<status status="PASS" start="2025-03-29T22:08:45.062384" elapsed="0.053793"/>
</kw>
<kw name="ปิดเบราว์เซอร์">
<kw name="Close Browser" owner="SeleniumLibrary">
<doc>Closes the current browser.</doc>
<status status="PASS" start="2025-03-29T22:08:45.116647" elapsed="2.119198"/>
</kw>
<status status="PASS" start="2025-03-29T22:08:45.116428" elapsed="2.119544"/>
</kw>
<arg>${EMPTY}</arg>
<arg>${EMPTY}</arg>
<status status="PASS" start="2025-03-29T22:08:40.888528" elapsed="6.347504"/>
</kw>
<status status="PASS" start="2025-03-29T22:08:40.886469" elapsed="6.349823"/>
</test>
<status status="PASS" start="2025-03-29T22:07:43.935182" elapsed="63.301735"/>
</suite>
<statistics>
<total>
<stat pass="10" fail="0" skip="0">All Tests</stat>
</total>
<tag>
</tag>
<suite>
<stat name="Test Skyfrog" id="s1" pass="10" fail="0" skip="0">Test Skyfrog</stat>
</suite>
</statistics>
<errors>
</errors>
</robot>
