<?xml version="1.0" encoding="UTF-8"?>
<robot generator="Robot 7.2.2 (Python 3.12.9 on win32)" generated="2025-03-29T22:06:13.401586" rpa="false" schemaversion="5">
<suite id="s1" name="แบบทดสอบ" source="C:\Users\K.Nros\OneDrive\Desktop\Skyfrog\แบบทดสอบ">
<suite id="s1-s1" name="Test Skyfrog" source="C:\Users\K.Nros\OneDrive\Desktop\Skyfrog\แบบทดสอบ\Test_Skyfrog.robot">
<test id="s1-s1-t1" name="กรอกชื่อผู้ใช้งานและรหัสผ่านที่ถูกต้อง แต่ไม่กดปุ่ม Login" line="16">
<kw name="เปิดหน้าเข้าสู่ระบบ">
<kw name="Open Browser" owner="SeleniumLibrary">
<msg time="2025-03-29T22:06:14.783994" level="INFO">Opening browser 'chrome' to base url 'https://test.skyfrog.co/Home'.</msg>
<arg>${DEV_URL}</arg>
<arg>${BROWSER}</arg>
<doc>Opens a new browser instance to the optional ``url``.</doc>
<status status="PASS" start="2025-03-29T22:06:14.782994" elapsed="4.326095"/>
</kw>
<kw name="Maximize Browser Window" owner="SeleniumLibrary">
<doc>Maximizes current browser window.</doc>
<status status="PASS" start="2025-03-29T22:06:19.109089" elapsed="0.153907"/>
</kw>
<kw name="Wait Until Element Is Visible" owner="SeleniumLibrary">
<arg>xpath=/html/body/div[2]/form/div[1]/div/input</arg>
<arg>timeout=10s</arg>
<doc>Waits until the element ``locator`` is visible.</doc>
<status status="PASS" start="2025-03-29T22:06:19.262996" elapsed="0.077312"/>
</kw>
<status status="PASS" start="2025-03-29T22:06:14.781997" elapsed="4.558311"/>
</kw>
<kw name="ใส่ข้อมูลเข้าสู่ระบบ">
<kw name="Input Text" owner="SeleniumLibrary">
<msg time="2025-03-29T22:06:19.342308" level="INFO">Typing text 'admin' into text field 'xpath=/html/body/div[2]/form/div[1]/div/input'.</msg>
<arg>xpath=/html/body/div[2]/form/div[1]/div/input</arg>
<arg>${username}</arg>
<doc>Types the given ``text`` into the text field identified by ``locator``.</doc>
<status status="PASS" start="2025-03-29T22:06:19.341309" elapsed="0.062427"/>
</kw>
<kw name="Input Text" owner="SeleniumLibrary">
<msg time="2025-03-29T22:06:19.404739" level="INFO">Typing text '1234' into text field 'xpath=/html/body/div[2]/form/div[2]/div/input'.</msg>
<arg>xpath=/html/body/div[2]/form/div[2]/div/input</arg>
<arg>${password}</arg>
<doc>Types the given ``text`` into the text field identified by ``locator``.</doc>
<status status="PASS" start="2025-03-29T22:06:19.403736" elapsed="0.067267"/>
</kw>
<arg>${Valid_Username}</arg>
<arg>${Valid_Password}</arg>
<status status="PASS" start="2025-03-29T22:06:19.341309" elapsed="0.129694"/>
</kw>
<kw name="ปิดเบราว์เซอร์">
<kw name="Close Browser" owner="SeleniumLibrary">
<doc>Closes the current browser.</doc>
<status status="PASS" start="2025-03-29T22:06:19.471998" elapsed="2.114060"/>
</kw>
<status status="PASS" start="2025-03-29T22:06:19.471003" elapsed="2.116228"/>
</kw>
<status status="PASS" start="2025-03-29T22:06:14.779986" elapsed="6.807245"/>
</test>
<status status="PASS" start="2025-03-29T22:06:13.484648" elapsed="8.104595"/>
</suite>
<status status="PASS" start="2025-03-29T22:06:13.414593" elapsed="8.175650"/>
</suite>
<statistics>
<total>
<stat pass="1" fail="0" skip="0">All Tests</stat>
</total>
<tag>
</tag>
<suite>
<stat name="แบบทดสอบ" id="s1" pass="1" fail="0" skip="0">แบบทดสอบ</stat>
<stat name="Test Skyfrog" id="s1-s1" pass="1" fail="0" skip="0">แบบทดสอบ.Test Skyfrog</stat>
</suite>
</statistics>
<errors>
</errors>
</robot>
